<?xml version="1.0" encoding="UTF-8"?>
<!-- Generated by org.testng.reporters.JUnitXMLReporter -->
<testsuite ignored="2" hostname="pc-199.home" failures="0" tests="3" name="Default test" time="5.721" errors="0" timestamp="2025-04-19T18:06:38 EET">
  <testcase classname="ThirdLessonn" name="login" time="1.182"/>
  <testcase classname="ThirdLessonn" name="AddAllItems" time="0.511"/>
  <testcase classname="ThirdLessonn" name="RemoveAllItems" time="3.231"/>
  <testcase classname="ThirdLessonn" name="Logout" time="0.0">
    <ignored/>
  </testcase> <!-- Logout -->
  <testcase classname="ThirdLessonn" name="removeItemFromTheCart" time="0.0">
    <ignored/>
  </testcase> <!-- removeItemFromTheCart -->
</testsuite> <!-- Default test -->
