<?xml version="1.0" encoding="UTF-8"?>
<testng-results ignored="2" total="5" passed="3" failed="0" skipped="0">
  <reporter-output>
  </reporter-output>
  <suite started-at="2025-04-19T18:06:33 EET" name="Default suite" finished-at="2025-04-19T18:06:38 EET" duration-ms="5721">
    <groups>
    </groups>
    <test started-at="2025-04-19T18:06:33 EET" name="Default test" finished-at="2025-04-19T18:06:38 EET" duration-ms="5721">
      <class name="ThirdLessonn">
        <test-method is-config="true" signature="mySetup()[pri:0, instance:ThirdLessonn@615091b8]" started-at="2025-04-19T18:06:33 EET" name="mySetup" finished-at="2025-04-19T18:06:33 EET" duration-ms="726" status="PASS">
          <reporter-output>
          </reporter-output>
        </test-method> <!-- mySetup -->
        <test-method signature="login()[pri:1, instance:ThirdLessonn@615091b8]" started-at="2025-04-19T18:06:33 EET" name="login" finished-at="2025-04-19T18:06:35 EET" duration-ms="1182" status="PASS">
          <reporter-output>
          </reporter-output>
        </test-method> <!-- login -->
        <test-method signature="AddAllItems()[pri:2, instance:ThirdLessonn@615091b8]" started-at="2025-04-19T18:06:35 EET" name="AddAllItems" finished-at="2025-04-19T18:06:35 EET" duration-ms="511" status="PASS">
          <reporter-output>
          </reporter-output>
        </test-method> <!-- AddAllItems -->
        <test-method signature="RemoveAllItems()[pri:3, instance:ThirdLessonn@615091b8]" started-at="2025-04-19T18:06:35 EET" name="RemoveAllItems" finished-at="2025-04-19T18:06:38 EET" duration-ms="3231" status="PASS">
          <reporter-output>
          </reporter-output>
        </test-method> <!-- RemoveAllItems -->
        <test-method is-config="true" signature="myAfterTest()[pri:0, instance:ThirdLessonn@615091b8]" started-at="2025-04-19T18:06:38 EET" name="myAfterTest" finished-at="2025-04-19T18:06:38 EET" duration-ms="1" status="PASS">
          <reporter-output>
          </reporter-output>
        </test-method> <!-- myAfterTest -->
      </class> <!-- ThirdLessonn -->
    </test> <!-- Default test -->
  </suite> <!-- Default suite -->
</testng-results>
